[2026-04-16T19:11:48.103Z] info: kubernetes.yaml was copied to the config folder
[2026-04-16T19:47:00.497Z] error: Host validation failed for: localhost:4000. Hint: Set the HOMEPAGE_ALLOWED_HOSTS environment variable to allow requests from this host / port.
[2026-04-16T19:47:00.739Z] error: Host validation failed for: localhost:4000. Hint: Set the HOMEPAGE_ALLOWED_HOSTS environment variable to allow requests from this host / port.
[2026-04-16T19:47:00.746Z] error: Host validation failed for: localhost:4000. Hint: Set the HOMEPAGE_ALLOWED_HOSTS environment variable to allow requests from this host / port.
[2026-04-16T19:47:00.754Z] error: Host validation failed for: localhost:4000. Hint: Set the HOMEPAGE_ALLOWED_HOSTS environment variable to allow requests from this host / port.
[2026-04-16T19:47:00.762Z] error: Host validation failed for: localhost:4000. Hint: Set the HOMEPAGE_ALLOWED_HOSTS environment variable to allow requests from this host / port.
[2026-04-16T19:47:00.767Z] error: Host validation failed for: localhost:4000. Hint: Set the HOMEPAGE_ALLOWED_HOSTS environment variable to allow requests from this host / port.
[2026-04-16T19:47:00.778Z] error: Host validation failed for: localhost:4000. Hint: Set the HOMEPAGE_ALLOWED_HOSTS environment variable to allow requests from this host / port.
[2026-04-16T19:47:00.796Z] error: Host validation failed for: localhost:4000. Hint: Set the HOMEPAGE_ALLOWED_HOSTS environment variable to allow requests from this host / port.
[2026-04-16T19:47:00.802Z] error: Host validation failed for: localhost:4000. Hint: Set the HOMEPAGE_ALLOWED_HOSTS environment variable to allow requests from this host / port.
[2026-04-16T19:47:00.806Z] error: Host validation failed for: localhost:4000. Hint: Set the HOMEPAGE_ALLOWED_HOSTS environment variable to allow requests from this host / port.
[2026-04-16T19:47:00.809Z] error: Host validation failed for: localhost:4000. Hint: Set the HOMEPAGE_ALLOWED_HOSTS environment variable to allow requests from this host / port.
[2026-04-16T19:48:43.266Z] error: Host validation failed for: localhost:4000. Hint: Set the HOMEPAGE_ALLOWED_HOSTS environment variable to allow requests from this host / port.
[2026-04-16T19:48:43.270Z] error: Host validation failed for: localhost:4000. Hint: Set the HOMEPAGE_ALLOWED_HOSTS environment variable to allow requests from this host / port.
[2026-04-16T19:52:50.830Z] info: custom.css was copied to the config folder
[2026-04-16T19:52:50.833Z] info: custom.js was copied to the config folder
[2026-04-16T19:52:50.846Z] info: proxmox.yaml was copied to the config folder
[2026-04-16T19:52:51.069Z] error: <service-helpers> Error getting services from Docker server 'my-docker': TypeError [ERR_INVALID_URL]: Invalid URL
[2026-04-16T19:52:51.568Z] error: <service-helpers> Error getting services from Docker server 'my-docker': TypeError [ERR_INVALID_URL]: Invalid URL
[2026-04-16T19:52:54.883Z] error: <service-helpers> Error getting services from Docker server 'my-docker': TypeError [ERR_INVALID_URL]: Invalid URL
[2026-04-16T19:53:00.172Z] error: <service-helpers> Error getting services from Docker server 'my-docker': TypeError [ERR_INVALID_URL]: Invalid URL
[2026-04-16T19:53:06.120Z] error: <service-helpers> Error getting services from Docker server 'my-docker': TypeError [ERR_INVALID_URL]: Invalid URL
[2026-04-16T19:53:15.518Z] error: <service-helpers> Error getting services from Docker server 'my-docker': TypeError [ERR_INVALID_URL]: Invalid URL
[2026-04-16T19:53:19.030Z] error: <service-helpers> Error getting services from Docker server 'my-docker': TypeError [ERR_INVALID_URL]: Invalid URL
[2026-04-16T19:53:24.244Z] error: <service-helpers> Error getting services from Docker server 'my-docker': TypeError [ERR_INVALID_URL]: Invalid URL
[2026-04-16T19:53:30.603Z] error: <service-helpers> Error getting services from Docker server 'my-docker': TypeError [ERR_INVALID_URL]: Invalid URL
[2026-04-16T19:53:53.610Z] error: <service-helpers> Error getting services from Docker server 'my-docker': TypeError [ERR_INVALID_URL]: Invalid URL
[2026-04-16T19:53:55.502Z] error: <service-helpers> Error getting services from Docker server 'my-docker': TypeError [ERR_INVALID_URL]: Invalid URL
[2026-04-16T19:54:06.162Z] error: <service-helpers> Error getting services from Docker server 'my-docker': TypeError [ERR_INVALID_URL]: Invalid URL
[2026-04-16T19:56:15.849Z] error: <service-helpers> Error getting services from Docker server 'my-docker': TypeError [ERR_INVALID_URL]: Invalid URL
[2026-04-16T19:56:16.049Z] error: <service-helpers> Error getting services from Docker server 'my-docker': TypeError [ERR_INVALID_URL]: Invalid URL
[2026-04-16T19:56:16.469Z] error: <service-helpers> Error getting services from Docker server 'my-docker': TypeError [ERR_INVALID_URL]: Invalid URL
[2026-04-16T19:56:32.865Z] error: <service-helpers> Error getting services from Docker server 'my-docker': TypeError [ERR_INVALID_URL]: Invalid URL
[2026-04-16T19:56:55.326Z] error: <service-helpers> Error getting services from Docker server 'my-docker': TypeError [ERR_INVALID_URL]: Invalid URL
